
> agency-client-platform@0.1.0 dev
> next dev

  ▲ Next.js 14.2.30
  - Local:        http://localhost:3000
  - Environments: .env.local

 ✓ Starting...
 ✓ Ready in 1015ms
 ✓ Compiled /middleware in 207ms (190 modules)
[MIDDLEWARE] Processing: /login
[MIDDLEWARE] Cookie get: sb-ixcsflqtipcfscbloahx-auth-token = missing
[MIDDLEWARE] Cookie get: sb-ixcsflqtipcfscbloahx-auth-token.0 = missing
[MIDDLEWARE] Cookie get: sb-ixcsflqtipcfscbloahx-auth-token.1 = missing
[MIDDLEWARE] Cookie get: sb-ixcsflqtipcfscbloahx-auth-token = missing
[MIDDLEWARE] Cookie get: sb-ixcsflqtipcfscbloahx-auth-token.2 = missing
[MIDDLEWARE] Cookie get: sb-ixcsflqtipcfscbloahx-auth-token.0 = missing
[MIDDLEWARE] Cookie get: sb-ixcsflqtipcfscbloahx-auth-token.3 = missing
[MIDDLEWARE] Cookie get: sb-ixcsflqtipcfscbloahx-auth-token.1 = missing
[MIDDLEWARE] Cookie get: sb-ixcsflqtipcfscbloahx-auth-token.4 = missing
[MIDDLEWARE] Cookie get: sb-ixcsflqtipcfscbloahx-auth-token.2 = missing
[MIDDLEWARE] Cookie get: sb-ixcsflqtipcfscbloahx-auth-token = missing
[MIDDLEWARE] Cookie get: sb-ixcsflqtipcfscbloahx-auth-token.3 = missing
[MIDDLEWARE] Cookie get: sb-ixcsflqtipcfscbloahx-auth-token.0 = missing
[MIDDLEWARE] Cookie get: sb-ixcsflqtipcfscbloahx-auth-token.4 = missing
[MIDDLEWARE] Cookie get: sb-ixcsflqtipcfscbloahx-auth-token.1 = missing
[MIDDLEWARE] Cookie get: sb-ixcsflqtipcfscbloahx-auth-token.2 = missing
[MIDDLEWARE] Cookie get: sb-ixcsflqtipcfscbloahx-auth-token.3 = missing
[MIDDLEWARE] Cookie get: sb-ixcsflqtipcfscbloahx-auth-token.4 = missing
[MIDDLEWARE] User: none, Error: Auth session missing!
[MIDDLEWARE] Path: /login, IsAuth: true, IsPublic: false, HasUser: false
[MIDDLEWARE] Allowing through
 ○ Compiling /login ...
 ✓ Compiled /login in 2.2s (2129 modules)
 GET /login 200 in 2384ms
 ✓ Compiled in 227ms (997 modules)
<w> [webpack.cache.PackFileCacheStrategy] Serializing big strings (108kiB) impacts deserialization performance (consider using Buffer instead and decode when needed)
[MIDDLEWARE] Processing: /login
[MIDDLEWARE] Cookie get: sb-ixcsflqtipcfscbloahx-auth-token = missing
[MIDDLEWARE] Cookie get: sb-ixcsflqtipcfscbloahx-auth-token.0 = missing
[MIDDLEWARE] Cookie get: sb-ixcsflqtipcfscbloahx-auth-token.1 = missing
[MIDDLEWARE] Cookie get: sb-ixcsflqtipcfscbloahx-auth-token = missing
[MIDDLEWARE] Cookie get: sb-ixcsflqtipcfscbloahx-auth-token.2 = missing
[MIDDLEWARE] Cookie get: sb-ixcsflqtipcfscbloahx-auth-token.0 = missing
[MIDDLEWARE] Cookie get: sb-ixcsflqtipcfscbloahx-auth-token.3 = missing
[MIDDLEWARE] Cookie get: sb-ixcsflqtipcfscbloahx-auth-token.1 = missing
[MIDDLEWARE] Cookie get: sb-ixcsflqtipcfscbloahx-auth-token.4 = missing
[MIDDLEWARE] Cookie get: sb-ixcsflqtipcfscbloahx-auth-token.2 = missing
[MIDDLEWARE] Cookie get: sb-ixcsflqtipcfscbloahx-auth-token = missing
[MIDDLEWARE] Cookie get: sb-ixcsflqtipcfscbloahx-auth-token.3 = missing
[MIDDLEWARE] Cookie get: sb-ixcsflqtipcfscbloahx-auth-token.0 = missing
[MIDDLEWARE] Cookie get: sb-ixcsflqtipcfscbloahx-auth-token.4 = missing
[MIDDLEWARE] Cookie get: sb-ixcsflqtipcfscbloahx-auth-token.1 = missing
[MIDDLEWARE] Cookie get: sb-ixcsflqtipcfscbloahx-auth-token.2 = missing
[MIDDLEWARE] Cookie get: sb-ixcsflqtipcfscbloahx-auth-token.3 = missing
[MIDDLEWARE] Cookie get: sb-ixcsflqtipcfscbloahx-auth-token.4 = missing
[MIDDLEWARE] User: none, Error: Auth session missing!
[MIDDLEWARE] Path: /login, IsAuth: true, IsPublic: false, HasUser: false
[MIDDLEWARE] Allowing through
 GET /login 200 in 18ms
[MIDDLEWARE] Processing: /login
[MIDDLEWARE] Cookie get: sb-ixcsflqtipcfscbloahx-auth-token = missing
[MIDDLEWARE] Cookie get: sb-ixcsflqtipcfscbloahx-auth-token.0 = missing
[MIDDLEWARE] Cookie get: sb-ixcsflqtipcfscbloahx-auth-token.1 = missing
[MIDDLEWARE] Cookie get: sb-ixcsflqtipcfscbloahx-auth-token = missing
[MIDDLEWARE] Cookie get: sb-ixcsflqtipcfscbloahx-auth-token.2 = missing
[MIDDLEWARE] Cookie get: sb-ixcsflqtipcfscbloahx-auth-token.0 = missing
[MIDDLEWARE] Cookie get: sb-ixcsflqtipcfscbloahx-auth-token.3 = missing
[MIDDLEWARE] Cookie get: sb-ixcsflqtipcfscbloahx-auth-token.1 = missing
[MIDDLEWARE] Cookie get: sb-ixcsflqtipcfscbloahx-auth-token.4 = missing
[MIDDLEWARE] Cookie get: sb-ixcsflqtipcfscbloahx-auth-token.2 = missing
[MIDDLEWARE] Cookie get: sb-ixcsflqtipcfscbloahx-auth-token = missing
[MIDDLEWARE] Cookie get: sb-ixcsflqtipcfscbloahx-auth-token.3 = missing
[MIDDLEWARE] Cookie get: sb-ixcsflqtipcfscbloahx-auth-token.0 = missing
[MIDDLEWARE] Cookie get: sb-ixcsflqtipcfscbloahx-auth-token.4 = missing
[MIDDLEWARE] Cookie get: sb-ixcsflqtipcfscbloahx-auth-token.1 = missing
[MIDDLEWARE] Cookie get: sb-ixcsflqtipcfscbloahx-auth-token.2 = missing
[MIDDLEWARE] Cookie get: sb-ixcsflqtipcfscbloahx-auth-token.3 = missing
[MIDDLEWARE] Cookie get: sb-ixcsflqtipcfscbloahx-auth-token.4 = missing
[MIDDLEWARE] User: none, Error: Auth session missing!
[MIDDLEWARE] Path: /login, IsAuth: true, IsPublic: false, HasUser: false
[MIDDLEWARE] Allowing through
 GET /login 200 in 13ms
[MIDDLEWARE] Processing: /login
[MIDDLEWARE] Cookie get: sb-ixcsflqtipcfscbloahx-auth-token = missing
[MIDDLEWARE] Cookie get: sb-ixcsflqtipcfscbloahx-auth-token.0 = missing
[MIDDLEWARE] Cookie get: sb-ixcsflqtipcfscbloahx-auth-token.1 = missing
[MIDDLEWARE] Cookie get: sb-ixcsflqtipcfscbloahx-auth-token = missing
[MIDDLEWARE] Cookie get: sb-ixcsflqtipcfscbloahx-auth-token.2 = missing
[MIDDLEWARE] Cookie get: sb-ixcsflqtipcfscbloahx-auth-token.0 = missing
[MIDDLEWARE] Cookie get: sb-ixcsflqtipcfscbloahx-auth-token.3 = missing
[MIDDLEWARE] Cookie get: sb-ixcsflqtipcfscbloahx-auth-token.1 = missing
[MIDDLEWARE] Cookie get: sb-ixcsflqtipcfscbloahx-auth-token.4 = missing
[MIDDLEWARE] Cookie get: sb-ixcsflqtipcfscbloahx-auth-token.2 = missing
[MIDDLEWARE] Cookie get: sb-ixcsflqtipcfscbloahx-auth-token = missing
[MIDDLEWARE] Cookie get: sb-ixcsflqtipcfscbloahx-auth-token.3 = missing
[MIDDLEWARE] Cookie get: sb-ixcsflqtipcfscbloahx-auth-token.0 = missing
[MIDDLEWARE] Cookie get: sb-ixcsflqtipcfscbloahx-auth-token.4 = missing
[MIDDLEWARE] Cookie get: sb-ixcsflqtipcfscbloahx-auth-token.1 = missing
[MIDDLEWARE] Cookie get: sb-ixcsflqtipcfscbloahx-auth-token.2 = missing
[MIDDLEWARE] Cookie get: sb-ixcsflqtipcfscbloahx-auth-token.3 = missing
[MIDDLEWARE] Cookie get: sb-ixcsflqtipcfscbloahx-auth-token.4 = missing
[MIDDLEWARE] User: none, Error: Auth session missing!
[MIDDLEWARE] Path: /login, IsAuth: true, IsPublic: false, HasUser: false
[MIDDLEWARE] Allowing through
 GET /login 200 in 20ms
